2018-10-10 12:19:21.028  INFO 2694 --- [restartedMain] c.e.QutapApplication.QutapApplication    : Starting QutapApplication on EXIMR-IM-574 with PID 2694 (/Users/akkamahadevi/Desktop/QuTapWorks/QutapApplicationLatest/target/classes started by akkamahadevi in /Users/akkamahadevi/Desktop/QuTapWorks/QutapApplicationLatest)
2018-10-10 12:19:21.078  INFO 2694 --- [restartedMain] c.e.QutapApplication.QutapApplication    : No active profile set, falling back to default profiles: default
2018-10-10 12:19:21.177  INFO 2694 --- [restartedMain] ConfigServletWebServerApplicationContext : Refreshing org.springframework.boot.web.servlet.context.AnnotationConfigServletWebServerApplicationContext@14717c66: startup date [Wed Oct 10 12:19:21 IST 2018]; root of context hierarchy
2018-10-10 12:19:24.192  INFO 2694 --- [restartedMain] o.s.b.w.embedded.tomcat.TomcatWebServer  : Tomcat initialized with port(s): 9001 (http)
2018-10-10 12:19:24.228  INFO 2694 --- [restartedMain] o.apache.catalina.core.StandardService   : Starting service [Tomcat]
2018-10-10 12:19:24.228  INFO 2694 --- [restartedMain] org.apache.catalina.core.StandardEngine  : Starting Servlet Engine: Apache Tomcat/8.5.34
2018-10-10 12:19:24.239  INFO 2694 --- [localhost-startStop-1] o.a.catalina.core.AprLifecycleListener   : The APR based Apache Tomcat Native library which allows optimal performance in production environments was not found on the java.library.path: [/Users/akkamahadevi/Library/Java/Extensions:/Library/Java/Extensions:/Network/Library/Java/Extensions:/System/Library/Java/Extensions:/usr/lib/java:.]
2018-10-10 12:19:24.449  INFO 2694 --- [localhost-startStop-1] o.a.c.c.C.[Tomcat].[localhost].[/]       : Initializing Spring embedded WebApplicationContext
2018-10-10 12:19:24.449  INFO 2694 --- [localhost-startStop-1] o.s.web.context.ContextLoader            : Root WebApplicationContext: initialization completed in 3272 ms
2018-10-10 12:19:25.236  INFO 2694 --- [localhost-startStop-1] org.mongodb.driver.cluster               : Cluster created with settings {hosts=[localhost:27017], mode=MULTIPLE, requiredClusterType=UNKNOWN, serverSelectionTimeout='30000 ms', maxWaitQueueSize=500}
2018-10-10 12:19:25.236  INFO 2694 --- [localhost-startStop-1] org.mongodb.driver.cluster               : Adding discovered server localhost:27017 to client view of cluster
2018-10-10 12:19:25.306  INFO 2694 --- [cluster-ClusterId{value='5bbda0f5b51a470a86676b2d', description='null'}-localhost:27017] org.mongodb.driver.cluster               : Exception in monitor thread while connecting to server localhost:27017

com.mongodb.MongoSocketOpenException: Exception opening socket
	at com.mongodb.connection.SocketStream.open(SocketStream.java:62) ~[mongodb-driver-core-3.6.4.jar:na]
	at com.mongodb.connection.InternalStreamConnection.open(InternalStreamConnection.java:126) ~[mongodb-driver-core-3.6.4.jar:na]
	at com.mongodb.connection.DefaultServerMonitor$ServerMonitorRunnable.run(DefaultServerMonitor.java:114) ~[mongodb-driver-core-3.6.4.jar:na]
	at java.lang.Thread.run(Thread.java:748) [na:1.8.0_171]
Caused by: java.net.ConnectException: Connection refused (Connection refused)
	at java.net.PlainSocketImpl.socketConnect(Native Method) ~[na:1.8.0_171]
	at java.net.AbstractPlainSocketImpl.doConnect(AbstractPlainSocketImpl.java:350) ~[na:1.8.0_171]
	at java.net.AbstractPlainSocketImpl.connectToAddress(AbstractPlainSocketImpl.java:206) ~[na:1.8.0_171]
	at java.net.AbstractPlainSocketImpl.connect(AbstractPlainSocketImpl.java:188) ~[na:1.8.0_171]
	at java.net.SocksSocketImpl.connect(SocksSocketImpl.java:392) ~[na:1.8.0_171]
	at java.net.Socket.connect(Socket.java:589) ~[na:1.8.0_171]
	at com.mongodb.connection.SocketStreamHelper.initialize(SocketStreamHelper.java:59) ~[mongodb-driver-core-3.6.4.jar:na]
	at com.mongodb.connection.SocketStream.open(SocketStream.java:57) ~[mongodb-driver-core-3.6.4.jar:na]
	... 3 common frames omitted

2018-10-10 12:19:25.934  INFO 2694 --- [localhost-startStop-1] o.s.b.w.servlet.FilterRegistrationBean   : Mapping filter: 'characterEncodingFilter' to: [/*]
2018-10-10 12:19:25.935  INFO 2694 --- [localhost-startStop-1] o.s.b.w.servlet.FilterRegistrationBean   : Mapping filter: 'webMvcMetricsFilter' to: [/*]
2018-10-10 12:19:25.935  INFO 2694 --- [localhost-startStop-1] o.s.b.w.servlet.FilterRegistrationBean   : Mapping filter: 'httpTraceFilter' to: [/*]
2018-10-10 12:19:25.936  INFO 2694 --- [localhost-startStop-1] o.s.b.w.servlet.ServletRegistrationBean  : Servlet dispatcherServlet mapped to [/]
2018-10-10 12:19:26.516  INFO 2694 --- [restartedMain] s.w.s.m.m.a.RequestMappingHandlerMapping : Mapped "{[/Qutap/excel],methods=[POST]}" onto public java.util.List<com.exilant.CommonUtils.Response> com.exilant.controller.ExcelDataController.readExcelData(org.springframework.web.multipart.MultipartFile,javax.servlet.http.HttpServletRequest) throws java.io.IOException
2018-10-10 12:19:26.522  INFO 2694 --- [restartedMain] s.w.s.m.m.a.RequestMappingHandlerMapping : Mapped "{[/swagger-resources/configuration/ui]}" onto public org.springframework.http.ResponseEntity<springfox.documentation.swagger.web.UiConfiguration> springfox.documentation.swagger.web.ApiResourceController.uiConfiguration()
2018-10-10 12:19:26.524  INFO 2694 --- [restartedMain] s.w.s.m.m.a.RequestMappingHandlerMapping : Mapped "{[/swagger-resources/configuration/security]}" onto public org.springframework.http.ResponseEntity<springfox.documentation.swagger.web.SecurityConfiguration> springfox.documentation.swagger.web.ApiResourceController.securityConfiguration()
2018-10-10 12:19:26.525  INFO 2694 --- [restartedMain] s.w.s.m.m.a.RequestMappingHandlerMapping : Mapped "{[/swagger-resources]}" onto public org.springframework.http.ResponseEntity<java.util.List<springfox.documentation.swagger.web.SwaggerResource>> springfox.documentation.swagger.web.ApiResourceController.swaggerResources()
2018-10-10 12:19:26.529  INFO 2694 --- [restartedMain] s.w.s.m.m.a.RequestMappingHandlerMapping : Mapped "{[/error]}" onto public org.springframework.http.ResponseEntity<java.util.Map<java.lang.String, java.lang.Object>> org.springframework.boot.autoconfigure.web.servlet.error.BasicErrorController.error(javax.servlet.http.HttpServletRequest)
2018-10-10 12:19:26.530  INFO 2694 --- [restartedMain] s.w.s.m.m.a.RequestMappingHandlerMapping : Mapped "{[/error],produces=[text/html]}" onto public org.springframework.web.servlet.ModelAndView org.springframework.boot.autoconfigure.web.servlet.error.BasicErrorController.errorHtml(javax.servlet.http.HttpServletRequest,javax.servlet.http.HttpServletResponse)
2018-10-10 12:19:26.647  INFO 2694 --- [restartedMain] o.s.b.a.e.web.EndpointLinksResolver      : Exposing 2 endpoint(s) beneath base path '/actuator'
2018-10-10 12:19:26.673  INFO 2694 --- [restartedMain] s.b.a.e.w.s.WebMvcEndpointHandlerMapping : Mapped "{[/actuator/health],methods=[GET],produces=[application/vnd.spring-boot.actuator.v2+json || application/json]}" onto public java.lang.Object org.springframework.boot.actuate.endpoint.web.servlet.AbstractWebMvcEndpointHandlerMapping$OperationHandler.handle(javax.servlet.http.HttpServletRequest,java.util.Map<java.lang.String, java.lang.String>)
2018-10-10 12:19:26.674  INFO 2694 --- [restartedMain] s.b.a.e.w.s.WebMvcEndpointHandlerMapping : Mapped "{[/actuator/info],methods=[GET],produces=[application/vnd.spring-boot.actuator.v2+json || application/json]}" onto public java.lang.Object org.springframework.boot.actuate.endpoint.web.servlet.AbstractWebMvcEndpointHandlerMapping$OperationHandler.handle(javax.servlet.http.HttpServletRequest,java.util.Map<java.lang.String, java.lang.String>)
2018-10-10 12:19:26.675  INFO 2694 --- [restartedMain] s.b.a.e.w.s.WebMvcEndpointHandlerMapping : Mapped "{[/actuator],methods=[GET],produces=[application/vnd.spring-boot.actuator.v2+json || application/json]}" onto protected java.util.Map<java.lang.String, java.util.Map<java.lang.String, org.springframework.boot.actuate.endpoint.web.Link>> org.springframework.boot.actuate.endpoint.web.servlet.WebMvcEndpointHandlerMapping.links(javax.servlet.http.HttpServletRequest,javax.servlet.http.HttpServletResponse)
2018-10-10 12:19:26.911  INFO 2694 --- [restartedMain] pertySourcedRequestMappingHandlerMapping : Mapped URL path [/v2/api-docs] onto method [public org.springframework.http.ResponseEntity<springfox.documentation.spring.web.json.Json> springfox.documentation.swagger2.web.Swagger2Controller.getDocumentation(java.lang.String,javax.servlet.http.HttpServletRequest)]
2018-10-10 12:19:27.028  INFO 2694 --- [restartedMain] s.w.s.m.m.a.RequestMappingHandlerAdapter : Looking for @ControllerAdvice: org.springframework.boot.web.servlet.context.AnnotationConfigServletWebServerApplicationContext@14717c66: startup date [Wed Oct 10 12:19:21 IST 2018]; root of context hierarchy
2018-10-10 12:19:27.587  INFO 2694 --- [restartedMain] o.s.b.d.a.OptionalLiveReloadServer       : LiveReload server is running on port 35729
2018-10-10 12:19:27.663  INFO 2694 --- [restartedMain] o.s.j.e.a.AnnotationMBeanExporter        : Registering beans for JMX exposure on startup
2018-10-10 12:19:27.689  INFO 2694 --- [restartedMain] o.s.c.support.DefaultLifecycleProcessor  : Starting beans in phase 2147483647
2018-10-10 12:19:27.690  INFO 2694 --- [restartedMain] d.s.w.p.DocumentationPluginsBootstrapper : Context refreshed
2018-10-10 12:19:27.736  INFO 2694 --- [restartedMain] d.s.w.p.DocumentationPluginsBootstrapper : Found 1 custom documentation plugin(s)
2018-10-10 12:19:27.791  INFO 2694 --- [restartedMain] s.d.s.w.s.ApiListingReferenceScanner     : Scanning for api listing references
2018-10-10 12:19:28.082  INFO 2694 --- [restartedMain] .d.s.w.r.o.CachingOperationNameGenerator : Generating unique operation named: handleUsingGET_1
2018-10-10 12:19:28.167  INFO 2694 --- [restartedMain] o.s.b.w.embedded.tomcat.TomcatWebServer  : Tomcat started on port(s): 9001 (http) with context path ''
2018-10-10 12:19:28.174  INFO 2694 --- [restartedMain] c.e.QutapApplication.QutapApplication    : Started QutapApplication in 7.651 seconds (JVM running for 8.556)
2018-10-10 12:20:00.391  INFO 2694 --- [cluster-ClusterId{value='5bbda0f5b51a470a86676b2d', description='null'}-localhost:27017] org.mongodb.driver.connection            : Opened connection [connectionId{localValue:4, serverValue:1}] to localhost:27017
2018-10-10 12:20:00.425  INFO 2694 --- [cluster-ClusterId{value='5bbda0f5b51a470a86676b2d', description='null'}-localhost:27017] org.mongodb.driver.cluster               : Monitor thread successfully connected to server with description ServerDescription{address=localhost:27017, type=STANDALONE, state=CONNECTED, ok=true, version=ServerVersion{versionList=[4, 0, 0]}, minWireVersion=0, maxWireVersion=7, maxDocumentSize=16777216, logicalSessionTimeoutMinutes=30, roundTripTimeNanos=2837934}
2018-10-10 12:20:00.425  INFO 2694 --- [cluster-ClusterId{value='5bbda0f5b51a470a86676b2d', description='null'}-localhost:27017] org.mongodb.driver.cluster               : Discovered cluster type of STANDALONE
2018-10-10 12:26:10.978  INFO 2694 --- [http-nio-9001-exec-1] o.a.c.c.C.[Tomcat].[localhost].[/]       : Initializing Spring FrameworkServlet 'dispatcherServlet'
2018-10-10 12:26:10.997  INFO 2694 --- [http-nio-9001-exec-1] o.s.web.servlet.DispatcherServlet        : FrameworkServlet 'dispatcherServlet': initialization started
2018-10-10 12:26:11.020  INFO 2694 --- [http-nio-9001-exec-1] o.s.web.servlet.DispatcherServlet        : FrameworkServlet 'dispatcherServlet': initialization completed in 23 ms
2018-10-10 12:26:11.122  INFO 2694 --- [http-nio-9001-exec-1] c.e.controller.ExcelDataController       : url of the applicationhttp://localhost:9001/Qutap/excel
2018-10-10 12:26:11.541  INFO 2694 --- [http-nio-9001-exec-1] org.mongodb.driver.connection            : Opened connection [connectionId{localValue:5, serverValue:6}] to localhost:27017
2018-10-10 12:29:15.544  INFO 2694 --- [Thread-11] ConfigServletWebServerApplicationContext : Closing org.springframework.boot.web.servlet.context.AnnotationConfigServletWebServerApplicationContext@14717c66: startup date [Wed Oct 10 12:19:21 IST 2018]; root of context hierarchy
2018-10-10 12:29:15.556  INFO 2694 --- [Thread-11] o.s.c.support.DefaultLifecycleProcessor  : Stopping beans in phase 2147483647
2018-10-10 12:29:15.559  INFO 2694 --- [Thread-11] o.s.j.e.a.AnnotationMBeanExporter        : Unregistering JMX-exposed beans on shutdown
2018-10-10 12:29:15.567  INFO 2694 --- [Thread-11] org.mongodb.driver.connection            : Closed connection [connectionId{localValue:5, serverValue:6}] to localhost:27017 because the pool has been closed.
